150422 19:47:20 mysqld_safe Starting mysqld daemon with databases from /home/ubuntu/lib/mysql/data/
150422 19:47:21 [Note] Plugin 'FEDERATED' is disabled.
150422 19:47:21 InnoDB: The InnoDB memory heap is disabled
150422 19:47:21 InnoDB: Mutexes and rw_locks use GCC atomic builtins
150422 19:47:21 InnoDB: Compressed tables use zlib 1.2.8
150422 19:47:21 InnoDB: Initializing buffer pool, size = 16.0M
150422 19:47:21 InnoDB: Completed initialization of buffer pool
InnoDB: The first specified data file ./ibdata1 did not exist:
InnoDB: a new database to be created!
150422 19:47:21  InnoDB: Setting file ./ibdata1 size to 10 MB
InnoDB: Database physically writes the file full: wait...
150422 19:47:21  InnoDB: Log file ./ib_logfile0 did not exist: new to be created
InnoDB: Setting log file ./ib_logfile0 size to 5 MB
InnoDB: Database physically writes the file full: wait...
150422 19:47:21  InnoDB: Log file ./ib_logfile1 did not exist: new to be created
InnoDB: Setting log file ./ib_logfile1 size to 5 MB
InnoDB: Database physically writes the file full: wait...
InnoDB: Doublewrite buffer not found: creating new
InnoDB: Doublewrite buffer created
InnoDB: 127 rollback segment(s) active.
InnoDB: Creating foreign key constraint system tables
InnoDB: Foreign key constraint system tables created
150422 19:47:21  InnoDB: Waiting for the background threads to start
150422 19:47:22 InnoDB: 5.5.40 started; log sequence number 0
150422 19:47:22 [Note] Server hostname (bind-address): '0.0.0.0'; port: 3306
150422 19:47:22 [Note]   - '0.0.0.0' resolves to '0.0.0.0';
150422 19:47:22 [Note] Server socket created on IP: '0.0.0.0'.
150422 19:47:22 [Note] Event Scheduler: Loaded 0 events
150422 19:47:22 [Note] /usr/sbin/mysqld: ready for connections.
Version: '5.5.40-0ubuntu0.14.04.1'  socket: '/home/ubuntu/lib/mysql/socket/mysql.sock'  port: 3306  (Ubuntu)

Status information:

Current dir: /home/ubuntu/lib/mysql/data/
Running threads: 0  Stack size: 262144
Current locks:
lock: 0x7f3320021f80:

lock: 0x7f3320018d20:

lock: 0x7f332000ab10:

lock: 0x7f332000e010:

lock: 0x7f334e923a40:

lock: 0x7f334e923f80:

lock: 0x7f334e924040:

lock: 0x7f334e924100:

lock: 0x7f334e923b00:

lock: 0x7f334e923bc0:

lock: 0x7f334e923980:

lock: 0x7f334e923800:

lock: 0x7f334e9238c0:

lock: 0x7f334e9241c0:

lock: 0x7f334e923c80:

lock: 0x7f334e923ec0:

lock: 0x7f334e923e00:

lock: 0x7f334e923d40:

lock: 0x7f334e9235c0:

lock: 0x7f334e923680:

lock: 0x7f334e923740:


Key caches:
default
Buffer_size:         16384
Block_size:           1024
Division_limit:        100
Age_limit:             300
blocks used:             1
not flushed:             0
w_requests:              1
writes:                  1
r_requests:              0
reads:                   0


handler status:
read_key:            1
read_next:           0
read_rnd             0
read_first:          5
write:               1
delete               0
update:              0

Table status:
Opened tables:         41
Open tables:            4
Open files:             8
Open streams:           0

Alarm status:
Active alarms:   0
Max used alarms: 0
Next alarm time: 0

Memory status:
Non-mmapped space allocated from system: 7274496
Number of free chunks:			 75
Number of fastbin blocks:		 13
Number of mmapped regions:		 10
Space in mmapped regions:		 29806592
Maximum total allocated space:		 0
Space available in freed fastbin blocks: 624
Total allocated space:			 5491632
Total free space:			 1782864
Top-most, releasable space:		 827392
Estimated memory (with thread stack):    37081088



Events status:
LLA = Last Locked At  LUA = Last Unlocked At
WOC = Waiting On Condition  DL = Data Locked

Event scheduler status:
State      : INITIALIZED
Thread id  : 0
LLA        : n/a:0
LUA        : n/a:0
WOC        : NO
Workers    : 0
Executed   : 0
Data locked: NO

Event queue status:
Element count   : 0
Data locked     : NO
Attempting lock : NO
LLA             : init_queue:139
LUA             : init_queue:149
WOC             : NO
Next activation : never
150422 20:06:00 mysqld_safe Starting mysqld daemon with databases from /home/ubuntu/lib/mysql/data/
150422 20:06:00 [Note] Plugin 'FEDERATED' is disabled.
150422 20:06:00 InnoDB: The InnoDB memory heap is disabled
150422 20:06:00 InnoDB: Mutexes and rw_locks use GCC atomic builtins
150422 20:06:00 InnoDB: Compressed tables use zlib 1.2.8
150422 20:06:00 InnoDB: Initializing buffer pool, size = 16.0M
150422 20:06:00 InnoDB: Completed initialization of buffer pool
150422 20:06:00 InnoDB: highest supported file format is Barracuda.
InnoDB: The log sequence number in ibdata files does not match
InnoDB: the log sequence number in the ib_logfiles!
150422 20:06:00  InnoDB: Database was not shut down normally!
InnoDB: Starting crash recovery.
InnoDB: Reading tablespace information from the .ibd files...
InnoDB: Restoring possible half-written data pages from the doublewrite
InnoDB: buffer...
150422 20:06:00  InnoDB: Waiting for the background threads to start
150422 20:06:01 InnoDB: 5.5.40 started; log sequence number 1595675
150422 20:06:01 [Note] Server hostname (bind-address): '0.0.0.0'; port: 3306
150422 20:06:01 [Note]   - '0.0.0.0' resolves to '0.0.0.0';
150422 20:06:01 [Note] Server socket created on IP: '0.0.0.0'.
150422 20:06:01 [Note] Event Scheduler: Loaded 0 events
150422 20:06:01 [Note] /usr/sbin/mysqld: ready for connections.
Version: '5.5.40-0ubuntu0.14.04.1'  socket: '/home/ubuntu/lib/mysql/socket/mysql.sock'  port: 3306  (Ubuntu)

Status information:

Current dir: /home/ubuntu/lib/mysql/data/
Running threads: 0  Stack size: 262144
Current locks:
lock: 0x7f2bc274fb00:

lock: 0x7f2bc274a120:

lock: 0x7f2bc2745950:

lock: 0x7f2bc1d79a40:

lock: 0x7f2bc1d79f80:

lock: 0x7f2bc1d7a040:

lock: 0x7f2bc1d7a100:

lock: 0x7f2bc1d79b00:

lock: 0x7f2bc1d79bc0:

lock: 0x7f2bc1d79980:

lock: 0x7f2bc1d79800:

lock: 0x7f2bc1d798c0:

lock: 0x7f2bc1d7a1c0:

lock: 0x7f2bc1d79c80:

lock: 0x7f2bc1d79ec0:

lock: 0x7f2bc1d79e00:

lock: 0x7f2bc1d79d40:

lock: 0x7f2bc1d795c0:

lock: 0x7f2bc1d79680:

lock: 0x7f2bc1d79740:


Key caches:
default
Buffer_size:         16384
Block_size:           1024
Division_limit:        100
Age_limit:             300
blocks used:             0
not flushed:             0
w_requests:              0
writes:                  0
r_requests:              0
reads:                   0


handler status:
read_key:            0
read_next:           0
read_rnd             0
read_first:          3
write:               0
delete               0
update:              0

Table status:
Opened tables:         35
Open tables:            4
Open files:             6
Open streams:           0

Alarm status:
Active alarms:   0
Max used alarms: 0
Next alarm time: 0

Memory status:
Non-mmapped space allocated from system: 5656576
Number of free chunks:			 41
Number of fastbin blocks:		 15
Number of mmapped regions:		 10
Space in mmapped regions:		 29806592
Maximum total allocated space:		 0
Space available in freed fastbin blocks: 1088
Total allocated space:			 5452384
Total free space:			 204192
Top-most, releasable space:		 44048
Estimated memory (with thread stack):    35463168



Events status:
LLA = Last Locked At  LUA = Last Unlocked At
WOC = Waiting On Condition  DL = Data Locked

Event scheduler status:
State      : INITIALIZED
Thread id  : 0
LLA        : n/a:0
LUA        : n/a:0
WOC        : NO
Workers    : 0
Executed   : 0
Data locked: NO

Event queue status:
Element count   : 0
Data locked     : NO
Attempting lock : NO
LLA             : init_queue:139
LUA             : init_queue:149
WOC             : NO
Next activation : never
150529 15:26:50 mysqld_safe Starting mysqld daemon with databases from /home/ubuntu/lib/mysql/data/
150529 15:26:50 [Note] Plugin 'FEDERATED' is disabled.
150529 15:26:50 InnoDB: The InnoDB memory heap is disabled
150529 15:26:50 InnoDB: Mutexes and rw_locks use GCC atomic builtins
150529 15:26:50 InnoDB: Compressed tables use zlib 1.2.8
150529 15:26:50 InnoDB: Initializing buffer pool, size = 16.0M
150529 15:26:50 InnoDB: Completed initialization of buffer pool
150529 15:26:50 InnoDB: highest supported file format is Barracuda.
InnoDB: The log sequence number in ibdata files does not match
InnoDB: the log sequence number in the ib_logfiles!
150529 15:26:50  InnoDB: Database was not shut down normally!
InnoDB: Starting crash recovery.
InnoDB: Reading tablespace information from the .ibd files...
InnoDB: Restoring possible half-written data pages from the doublewrite
InnoDB: buffer...
150529 15:26:50  InnoDB: Waiting for the background threads to start
150529 15:26:51 InnoDB: 5.5.40 started; log sequence number 1595675
150529 15:26:51 [Note] Server hostname (bind-address): '0.0.0.0'; port: 3306
150529 15:26:51 [Note]   - '0.0.0.0' resolves to '0.0.0.0';
150529 15:26:51 [Note] Server socket created on IP: '0.0.0.0'.
150529 15:26:51 [Note] Event Scheduler: Loaded 0 events
150529 15:26:51 [Note] /usr/sbin/mysqld: ready for connections.
Version: '5.5.40-0ubuntu0.14.04.1'  socket: '/home/ubuntu/lib/mysql/socket/mysql.sock'  port: 3306  (Ubuntu)

Status information:

Current dir: /home/ubuntu/lib/mysql/data/
Running threads: 0  Stack size: 262144
Current locks:
lock: 0x7fb12713d840:

lock: 0x7fb127137e60:

lock: 0x7fb127133690:

lock: 0x7fb125d44a40:

lock: 0x7fb125d44f80:

lock: 0x7fb125d45040:

lock: 0x7fb125d45100:

lock: 0x7fb125d44b00:

lock: 0x7fb125d44bc0:

lock: 0x7fb125d44980:

lock: 0x7fb125d44800:

lock: 0x7fb125d448c0:

lock: 0x7fb125d451c0:

lock: 0x7fb125d44c80:

lock: 0x7fb125d44ec0:

lock: 0x7fb125d44e00:

lock: 0x7fb125d44d40:

lock: 0x7fb125d445c0:

lock: 0x7fb125d44680:

lock: 0x7fb125d44740:


Key caches:
default
Buffer_size:         16384
Block_size:           1024
Division_limit:        100
Age_limit:             300
blocks used:             0
not flushed:             0
w_requests:              0
writes:                  0
r_requests:              0
reads:                   0


handler status:
read_key:            0
read_next:           0
read_rnd             0
read_first:          3
write:               0
delete               0
update:              0

Table status:
Opened tables:         35
Open tables:            4
Open files:             6
Open streams:           0

Alarm status:
Active alarms:   0
Max used alarms: 0
Next alarm time: 0

Memory status:
Non-mmapped space allocated from system: 5656576
Number of free chunks:			 41
Number of fastbin blocks:		 15
Number of mmapped regions:		 10
Space in mmapped regions:		 29806592
Maximum total allocated space:		 0
Space available in freed fastbin blocks: 1088
Total allocated space:			 5451680
Total free space:			 204896
Top-most, releasable space:		 44752
Estimated memory (with thread stack):    35463168



Events status:
LLA = Last Locked At  LUA = Last Unlocked At
WOC = Waiting On Condition  DL = Data Locked

Event scheduler status:
State      : INITIALIZED
Thread id  : 0
LLA        : n/a:0
LUA        : n/a:0
WOC        : NO
Workers    : 0
Executed   : 0
Data locked: NO

Event queue status:
Element count   : 0
Data locked     : NO
Attempting lock : NO
LLA             : init_queue:139
LUA             : init_queue:149
WOC             : NO
Next activation : never
